<?xml version="1.0" encoding="UTF-8"?>
<!-- Generated by org.testng.reporters.JUnitReportReporter -->
<testsuite skipped="0" hostname="LAPTOP-N43QMCDA" name="com.WhiteboxTestingBookTask.Login.DownloadBook" tests="1" failures="0" timestamp="2020-01-24T22:47:37 PST" time="7.921" errors="0">
  <testcase name="DownloadBookApacheJmeter" time="7.921" classname="com.WhiteboxTestingBookTask.Login.DownloadBook"/>
</testsuite> <!-- com.WhiteboxTestingBookTask.Login.DownloadBook -->
